0 info it worked if it ends with ok
1 verbose cli [ '/Users/tech/.nvm/versions/node/v6.10.1/bin/node',
1 verbose cli   '/Users/tech/.nvm/versions/node/v6.10.1/bin/npm',
1 verbose cli   'run',
1 verbose cli   'dev' ]
2 info using npm@3.10.10
3 info using node@v6.10.1
4 verbose run-script [ 'predev', 'dev', 'postdev' ]
5 info lifecycle premiser-api@0.1.0~predev: premiser-api@0.1.0
6 silly lifecycle premiser-api@0.1.0~predev: no script for predev, continuing
7 info lifecycle premiser-api@0.1.0~dev: premiser-api@0.1.0
8 verbose lifecycle premiser-api@0.1.0~dev: unsafe-perm in lifecycle true
9 verbose lifecycle premiser-api@0.1.0~dev: PATH: /Users/tech/.nvm/versions/node/v6.10.1/lib/node_modules/npm/bin/node-gyp-bin:/Users/tech/code/premiser/premiser-api/node_modules/.bin:/Users/tech/.nvm/versions/node/v6.10.1/bin:/Users/tech/.yarn/bin:/usr/local/bin:/usr/local/sbin:/usr/bin:/bin:/usr/sbin:/sbin:/opt/X11/bin:/usr/local/git/bin:/Library/TeX/texbin:/Users/tech/.yadr/bin:/Users/tech/.yadr/bin/yadr
10 verbose lifecycle premiser-api@0.1.0~dev: CWD: /Users/tech/code/premiser/premiser-api
11 silly lifecycle premiser-api@0.1.0~dev: Args: [ '-c', 'DEBUG=premiser-api:* node bin/dev-server.js' ]
12 silly lifecycle premiser-api@0.1.0~dev: Returned: code: 1  signal: null
13 info lifecycle premiser-api@0.1.0~dev: Failed to exec dev script
14 verbose stack Error: premiser-api@0.1.0 dev: `DEBUG=premiser-api:* node bin/dev-server.js`
14 verbose stack Exit status 1
14 verbose stack     at EventEmitter.<anonymous> (/Users/tech/.nvm/versions/node/v6.10.1/lib/node_modules/npm/lib/utils/lifecycle.js:255:16)
14 verbose stack     at emitTwo (events.js:106:13)
14 verbose stack     at EventEmitter.emit (events.js:191:7)
14 verbose stack     at ChildProcess.<anonymous> (/Users/tech/.nvm/versions/node/v6.10.1/lib/node_modules/npm/lib/utils/spawn.js:40:14)
14 verbose stack     at emitTwo (events.js:106:13)
14 verbose stack     at ChildProcess.emit (events.js:191:7)
14 verbose stack     at maybeClose (internal/child_process.js:886:16)
14 verbose stack     at Process.ChildProcess._handle.onexit (internal/child_process.js:226:5)
15 verbose pkgid premiser-api@0.1.0
16 verbose cwd /Users/tech/code/premiser/premiser-api
17 error Darwin 16.4.0
18 error argv "/Users/tech/.nvm/versions/node/v6.10.1/bin/node" "/Users/tech/.nvm/versions/node/v6.10.1/bin/npm" "run" "dev"
19 error node v6.10.1
20 error npm  v3.10.10
21 error code ELIFECYCLE
22 error premiser-api@0.1.0 dev: `DEBUG=premiser-api:* node bin/dev-server.js`
22 error Exit status 1
23 error Failed at the premiser-api@0.1.0 dev script 'DEBUG=premiser-api:* node bin/dev-server.js'.
23 error Make sure you have the latest version of node.js and npm installed.
23 error If you do, this is most likely a problem with the premiser-api package,
23 error not with npm itself.
23 error Tell the author that this fails on your system:
23 error     DEBUG=premiser-api:* node bin/dev-server.js
23 error You can get information on how to open an issue for this project with:
23 error     npm bugs premiser-api
23 error Or if that isn't available, you can get their info via:
23 error     npm owner ls premiser-api
23 error There is likely additional logging output above.
24 verbose exit [ 1, true ]
